This file contains any messages produced by compilers while
running configure, to aid debugging if configure makes a mistake.

It was created by game configure 1.0, which was
generated by GNU Autoconf 2.69.  Invocation command line was

  $ ./configure 

## --------- ##
## Platform. ##
## --------- ##

hostname = william
uname -m = x86_64
uname -r = 4.9.0-4-amd64
uname -s = Linux
uname -v = #1 SMP Debian 4.9.65-3+deb9u1 (2017-12-23)

/usr/bin/uname -p = unknown
/bin/uname -X     = unknown

/bin/arch              = unknown
/usr/bin/arch -k       = unknown
/usr/convex/getsysinfo = unknown
/usr/bin/hostinfo      = unknown
/bin/machine           = unknown
/usr/bin/oslevel       = unknown
/bin/universe          = unknown

PATH: /usr/local/bin
PATH: /usr/bin
PATH: /bin
PATH: /usr/local/games
PATH: /usr/games


## ----------- ##
## Core tests. ##
## ----------- ##

configure:2262: checking for gcc
configure:2278: found /usr/bin/gcc
configure:2289: result: gcc
configure:2518: checking for C compiler version
configure:2527: gcc --version >&5
gcc (Debian 6.3.0-18) 6.3.0 20170516
Copyright (C) 2016 Free Software Foundation, Inc.
This is free software; see the source for copying conditions.  There is NO
warranty; not even for MERCHANTABILITY or FITNESS FOR A PARTICULAR PURPOSE.

configure:2538: $? = 0
configure:2527: gcc -v >&5
Using built-in specs.
COLLECT_GCC=gcc
COLLECT_LTO_WRAPPER=/usr/lib/gcc/x86_64-linux-gnu/6/lto-wrapper
Target: x86_64-linux-gnu
Configured with: ../src/configure -v --with-pkgversion='Debian 6.3.0-18' --with-bugurl=file:///usr/share/doc/gcc-6/README.Bugs --enable-languages=c,ada,c++,java,go,d,fortran,objc,obj-c++ --prefix=/usr --program-suffix=-6 --program-prefix=x86_64-linux-gnu- --enable-shared --enable-linker-build-id --libexecdir=/usr/lib --without-included-gettext --enable-threads=posix --libdir=/usr/lib --enable-nls --with-sysroot=/ --enable-clocale=gnu --enable-libstdcxx-debug --enable-libstdcxx-time=yes --with-default-libstdcxx-abi=new --enable-gnu-unique-object --disable-vtable-verify --enable-libmpx --enable-plugin --enable-default-pie --with-system-zlib --disable-browser-plugin --enable-java-awt=gtk --enable-gtk-cairo --with-java-home=/usr/lib/jvm/java-1.5.0-gcj-6-amd64/jre --enable-java-home --with-jvm-root-dir=/usr/lib/jvm/java-1.5.0-gcj-6-amd64 --with-jvm-jar-dir=/usr/lib/jvm-exports/java-1.5.0-gcj-6-amd64 --with-arch-directory=amd64 --with-ecj-jar=/usr/share/java/eclipse-ecj.jar --with-target-system-zlib --enable-objc-gc=auto --enable-multiarch --with-arch-32=i686 --with-abi=m64 --with-multilib-list=m32,m64,mx32 --enable-multilib --with-tune=generic --enable-checking=release --build=x86_64-linux-gnu --host=x86_64-linux-gnu --target=x86_64-linux-gnu
Thread model: posix
gcc version 6.3.0 20170516 (Debian 6.3.0-18) 
configure:2538: $? = 0
configure:2527: gcc -V >&5
gcc: error: unrecognized command line option '-V'
gcc: fatal error: no input files
compilation terminated.
configure:2538: $? = 1
configure:2527: gcc -qversion >&5
gcc: error: unrecognized command line option '-qversion'; did you mean '--version'?
gcc: fatal error: no input files
compilation terminated.
configure:2538: $? = 1
configure:2558: checking whether the C compiler works
configure:2580: gcc    conftest.c  >&5
configure:2584: $? = 0
configure:2632: result: yes
configure:2635: checking for C compiler default output file name
configure:2637: result: a.out
configure:2643: checking for suffix of executables
configure:2650: gcc -o conftest    conftest.c  >&5
configure:2654: $? = 0
configure:2676: result: 
configure:2698: checking whether we are cross compiling
configure:2706: gcc -o conftest    conftest.c  >&5
configure:2710: $? = 0
configure:2717: ./conftest
configure:2721: $? = 0
configure:2736: result: no
configure:2741: checking for suffix of object files
configure:2763: gcc -c   conftest.c >&5
configure:2767: $? = 0
configure:2788: result: o
configure:2792: checking whether we are using the GNU C compiler
configure:2811: gcc -c   conftest.c >&5
configure:2811: $? = 0
configure:2820: result: yes
configure:2829: checking whether gcc accepts -g
configure:2849: gcc -c -g  conftest.c >&5
configure:2849: $? = 0
configure:2890: result: yes
configure:2907: checking for gcc option to accept ISO C89
configure:2970: gcc  -c -g -O2  conftest.c >&5
configure:2970: $? = 0
configure:2983: result: none needed
configure:3040: checking whether gcc understands -c and -o together
configure:3062: gcc -c conftest.c -o conftest2.o
configure:3065: $? = 0
configure:3062: gcc -c conftest.c -o conftest2.o
configure:3065: $? = 0
configure:3077: result: yes
configure:3098: checking for refresh in -lncurses
configure:3123: gcc -o conftest -g -O2   conftest.c -lncurses   >&5
configure:3123: $? = 0
configure:3132: result: yes
configure:3144: checking for xmlFreeDoc in -lxml2
configure:3169: gcc -o conftest -g -O2   conftest.c -lxml2  -lncurses  >&5
configure:3169: $? = 0
configure:3178: result: yes
configure:3196: checking how to run the C preprocessor
configure:3227: gcc -E  conftest.c
configure:3227: $? = 0
configure:3241: gcc -E  conftest.c
conftest.c:11:28: fatal error: ac_nonexistent.h: No such file or directory
 #include <ac_nonexistent.h>
                            ^
compilation terminated.
configure:3241: $? = 1
configure: failed program was:
| /* confdefs.h */
| #define PACKAGE_NAME "game"
| #define PACKAGE_TARNAME "game"
| #define PACKAGE_VERSION "1.0"
| #define PACKAGE_STRING "game 1.0"
| #define PACKAGE_BUGREPORT "aiden.woodruff@gmail.com"
| #define PACKAGE_URL ""
| #define HAVE_LIBNCURSES 1
| #define HAVE_LIBXML2 1
| /* end confdefs.h.  */
| #include <ac_nonexistent.h>
configure:3266: result: gcc -E
configure:3286: gcc -E  conftest.c
configure:3286: $? = 0
configure:3300: gcc -E  conftest.c
conftest.c:11:28: fatal error: ac_nonexistent.h: No such file or directory
 #include <ac_nonexistent.h>
                            ^
compilation terminated.
configure:3300: $? = 1
configure: failed program was:
| /* confdefs.h */
| #define PACKAGE_NAME "game"
| #define PACKAGE_TARNAME "game"
| #define PACKAGE_VERSION "1.0"
| #define PACKAGE_STRING "game 1.0"
| #define PACKAGE_BUGREPORT "aiden.woodruff@gmail.com"
| #define PACKAGE_URL ""
| #define HAVE_LIBNCURSES 1
| #define HAVE_LIBXML2 1
| /* end confdefs.h.  */
| #include <ac_nonexistent.h>
configure:3329: checking for grep that handles long lines and -e
configure:3387: result: /bin/grep
configure:3392: checking for egrep
configure:3454: result: /bin/grep -E
configure:3459: checking for ANSI C header files
configure:3479: gcc -c -g -O2  conftest.c >&5
configure:3479: $? = 0
configure:3552: gcc -o conftest -g -O2   conftest.c -lxml2 -lncurses  >&5
configure:3552: $? = 0
configure:3552: ./conftest
configure:3552: $? = 0
configure:3563: result: yes
configure:3576: checking for sys/types.h
configure:3576: gcc -c -g -O2  conftest.c >&5
configure:3576: $? = 0
configure:3576: result: yes
configure:3576: checking for sys/stat.h
configure:3576: gcc -c -g -O2  conftest.c >&5
configure:3576: $? = 0
configure:3576: result: yes
configure:3576: checking for stdlib.h
configure:3576: gcc -c -g -O2  conftest.c >&5
configure:3576: $? = 0
configure:3576: result: yes
configure:3576: checking for string.h
configure:3576: gcc -c -g -O2  conftest.c >&5
configure:3576: $? = 0
configure:3576: result: yes
configure:3576: checking for memory.h
configure:3576: gcc -c -g -O2  conftest.c >&5
configure:3576: $? = 0
configure:3576: result: yes
configure:3576: checking for strings.h
configure:3576: gcc -c -g -O2  conftest.c >&5
configure:3576: $? = 0
configure:3576: result: yes
configure:3576: checking for inttypes.h
configure:3576: gcc -c -g -O2  conftest.c >&5
configure:3576: $? = 0
configure:3576: result: yes
configure:3576: checking for stdint.h
configure:3576: gcc -c -g -O2  conftest.c >&5
configure:3576: $? = 0
configure:3576: result: yes
configure:3576: checking for unistd.h
configure:3576: gcc -c -g -O2  conftest.c >&5
configure:3576: $? = 0
configure:3576: result: yes
configure:3591: checking for stdlib.h
configure:3591: result: yes
configure:3591: checking for string.h
configure:3591: result: yes
configure:3591: checking for unistd.h
configure:3591: result: yes
configure:3603: checking for size_t
configure:3603: gcc -c -g -O2  conftest.c >&5
configure:3603: $? = 0
configure:3603: gcc -c -g -O2  conftest.c >&5
conftest.c: In function 'main':
conftest.c:60:21: error: expected expression before ')' token
 if (sizeof ((size_t)))
                     ^
configure:3603: $? = 1
configure: failed program was:
| /* confdefs.h */
| #define PACKAGE_NAME "game"
| #define PACKAGE_TARNAME "game"
| #define PACKAGE_VERSION "1.0"
| #define PACKAGE_STRING "game 1.0"
| #define PACKAGE_BUGREPORT "aiden.woodruff@gmail.com"
| #define PACKAGE_URL ""
| #define HAVE_LIBNCURSES 1
| #define HAVE_LIBXML2 1
| #define STDC_HEADERS 1
| #define HAVE_SYS_TYPES_H 1
| #define HAVE_SYS_STAT_H 1
| #define HAVE_STDLIB_H 1
| #define HAVE_STRING_H 1
| #define HAVE_MEMORY_H 1
| #define HAVE_STRINGS_H 1
| #define HAVE_INTTYPES_H 1
| #define HAVE_STDINT_H 1
| #define HAVE_UNISTD_H 1
| #define HAVE_STDLIB_H 1
| #define HAVE_STRING_H 1
| #define HAVE_UNISTD_H 1
| /* end confdefs.h.  */
| #include <stdio.h>
| #ifdef HAVE_SYS_TYPES_H
| # include <sys/types.h>
| #endif
| #ifdef HAVE_SYS_STAT_H
| # include <sys/stat.h>
| #endif
| #ifdef STDC_HEADERS
| # include <stdlib.h>
| # include <stddef.h>
| #else
| # ifdef HAVE_STDLIB_H
| #  include <stdlib.h>
| # endif
| #endif
| #ifdef HAVE_STRING_H
| # if !defined STDC_HEADERS && defined HAVE_MEMORY_H
| #  include <memory.h>
| # endif
| # include <string.h>
| #endif
| #ifdef HAVE_STRINGS_H
| # include <strings.h>
| #endif
| #ifdef HAVE_INTTYPES_H
| # include <inttypes.h>
| #endif
| #ifdef HAVE_STDINT_H
| # include <stdint.h>
| #endif
| #ifdef HAVE_UNISTD_H
| # include <unistd.h>
| #endif
| int
| main ()
| {
| if (sizeof ((size_t)))
| 	    return 0;
|   ;
|   return 0;
| }
configure:3603: result: yes
configure:3618: checking for stdlib.h
configure:3618: result: yes
configure:3628: checking for GNU libc compatible malloc
configure:3652: gcc -o conftest -g -O2   conftest.c -lxml2 -lncurses  >&5
configure:3652: $? = 0
configure:3652: ./conftest
configure:3652: $? = 0
configure:3662: result: yes
configure:3685: checking for stdlib.h
configure:3685: result: yes
configure:3695: checking for GNU libc compatible realloc
configure:3719: gcc -o conftest -g -O2   conftest.c -lxml2 -lncurses  >&5
configure:3719: $? = 0
configure:3719: ./conftest
configure:3719: $? = 0
configure:3729: result: yes
configure:3752: checking for memset
configure:3752: gcc -o conftest -g -O2   conftest.c -lxml2 -lncurses  >&5
conftest.c:51:6: warning: conflicting types for built-in function 'memset'
 char memset ();
      ^~~~~~
configure:3752: $? = 0
configure:3752: result: yes
configure:3780: checking for a BSD-compatible install
configure:3848: result: /usr/bin/install -c
configure:3859: checking whether build environment is sane
configure:3914: result: yes
configure:4062: checking for a thread-safe mkdir -p
configure:4101: result: /bin/mkdir -p
configure:4108: checking for gawk
configure:4124: found /usr/bin/gawk
configure:4135: result: gawk
configure:4146: checking whether make sets $(MAKE)
configure:4168: result: yes
configure:4198: checking for style of include used by make
configure:4226: result: GNU
configure:4260: checking whether make supports nested variables
configure:4277: result: yes
configure:4362: checking dependency style of gcc
configure:4473: result: gcc3
configure:4640: checking that generated files are newer than configure
configure:4646: result: done
configure:4669: creating ./config.status

## ---------------------- ##
## Running config.status. ##
## ---------------------- ##

This file was extended by game config.status 1.0, which was
generated by GNU Autoconf 2.69.  Invocation command line was

  CONFIG_FILES    = 
  CONFIG_HEADERS  = 
  CONFIG_LINKS    = 
  CONFIG_COMMANDS = 
  $ ./config.status 

on william

config.status:863: creating Makefile
config.status:863: creating config.h
config.status:1092: executing depfiles commands

## ---------------- ##
## Cache variables. ##
## ---------------- ##

ac_cv_c_compiler_gnu=yes
ac_cv_env_CC_set=
ac_cv_env_CC_value=
ac_cv_env_CFLAGS_set=
ac_cv_env_CFLAGS_value=
ac_cv_env_CPPFLAGS_set=
ac_cv_env_CPPFLAGS_value=
ac_cv_env_CPP_set=
ac_cv_env_CPP_value=
ac_cv_env_LDFLAGS_set=
ac_cv_env_LDFLAGS_value=
ac_cv_env_LIBS_set=
ac_cv_env_LIBS_value=
ac_cv_env_build_alias_set=
ac_cv_env_build_alias_value=
ac_cv_env_host_alias_set=
ac_cv_env_host_alias_value=
ac_cv_env_target_alias_set=
ac_cv_env_target_alias_value=
ac_cv_func_malloc_0_nonnull=yes
ac_cv_func_memset=yes
ac_cv_func_realloc_0_nonnull=yes
ac_cv_header_inttypes_h=yes
ac_cv_header_memory_h=yes
ac_cv_header_stdc=yes
ac_cv_header_stdint_h=yes
ac_cv_header_stdlib_h=yes
ac_cv_header_string_h=yes
ac_cv_header_strings_h=yes
ac_cv_header_sys_stat_h=yes
ac_cv_header_sys_types_h=yes
ac_cv_header_unistd_h=yes
ac_cv_lib_ncurses_refresh=yes
ac_cv_lib_xml2_xmlFreeDoc=yes
ac_cv_objext=o
ac_cv_path_EGREP='/bin/grep -E'
ac_cv_path_GREP=/bin/grep
ac_cv_path_install='/usr/bin/install -c'
ac_cv_path_mkdir=/bin/mkdir
ac_cv_prog_AWK=gawk
ac_cv_prog_CPP='gcc -E'
ac_cv_prog_ac_ct_CC=gcc
ac_cv_prog_cc_c89=
ac_cv_prog_cc_g=yes
ac_cv_prog_make_make_set=yes
ac_cv_type_size_t=yes
am_cv_CC_dependencies_compiler_type=gcc3
am_cv_make_support_nested_variables=yes
am_cv_prog_cc_c_o=yes

## ----------------- ##
## Output variables. ##
## ----------------- ##

ACLOCAL='${SHELL} /home/aiden/game/missing aclocal-1.15'
AMDEPBACKSLASH='\'
AMDEP_FALSE='#'
AMDEP_TRUE=''
AMTAR='$${TAR-tar}'
AM_BACKSLASH='\'
AM_DEFAULT_V='$(AM_DEFAULT_VERBOSITY)'
AM_DEFAULT_VERBOSITY='1'
AM_V='$(V)'
AUTOCONF='${SHELL} /home/aiden/game/missing autoconf'
AUTOHEADER='${SHELL} /home/aiden/game/missing autoheader'
AUTOMAKE='${SHELL} /home/aiden/game/missing automake-1.15'
AWK='gawk'
CC='gcc'
CCDEPMODE='depmode=gcc3'
CFLAGS='-g -O2'
CPP='gcc -E'
CPPFLAGS=''
CYGPATH_W='echo'
DEFS='-DHAVE_CONFIG_H'
DEPDIR='.deps'
ECHO_C=''
ECHO_N='-n'
ECHO_T=''
EGREP='/bin/grep -E'
EXEEXT=''
GREP='/bin/grep'
INSTALL_DATA='${INSTALL} -m 644'
INSTALL_PROGRAM='${INSTALL}'
INSTALL_SCRIPT='${INSTALL}'
INSTALL_STRIP_PROGRAM='$(install_sh) -c -s'
LDFLAGS=''
LIBOBJS=''
LIBS='-lxml2 -lncurses '
LTLIBOBJS=''
MAKEINFO='${SHELL} /home/aiden/game/missing makeinfo'
MKDIR_P='/bin/mkdir -p'
OBJEXT='o'
PACKAGE='game'
PACKAGE_BUGREPORT='aiden.woodruff@gmail.com'
PACKAGE_NAME='game'
PACKAGE_STRING='game 1.0'
PACKAGE_TARNAME='game'
PACKAGE_URL=''
PACKAGE_VERSION='1.0'
PATH_SEPARATOR=':'
SET_MAKE=''
SHELL='/bin/bash'
STRIP=''
VERSION='1.0'
ac_ct_CC='gcc'
am__EXEEXT_FALSE=''
am__EXEEXT_TRUE='#'
am__fastdepCC_FALSE='#'
am__fastdepCC_TRUE=''
am__include='include'
am__isrc=''
am__leading_dot='.'
am__nodep='_no'
am__quote=''
am__tar='$${TAR-tar} chof - "$$tardir"'
am__untar='$${TAR-tar} xf -'
bindir='${exec_prefix}/bin'
build_alias=''
datadir='${datarootdir}'
datarootdir='${prefix}/share'
docdir='${datarootdir}/doc/${PACKAGE_TARNAME}'
dvidir='${docdir}'
exec_prefix='${prefix}'
host_alias=''
htmldir='${docdir}'
includedir='${prefix}/include'
infodir='${datarootdir}/info'
install_sh='${SHELL} /home/aiden/game/install-sh'
libdir='${exec_prefix}/lib'
libexecdir='${exec_prefix}/libexec'
localedir='${datarootdir}/locale'
localstatedir='${prefix}/var'
mandir='${datarootdir}/man'
mkdir_p='$(MKDIR_P)'
oldincludedir='/usr/include'
pdfdir='${docdir}'
prefix='/usr/local'
program_transform_name='s,x,x,'
psdir='${docdir}'
runstatedir='${localstatedir}/run'
sbindir='${exec_prefix}/sbin'
sharedstatedir='${prefix}/com'
sysconfdir='${prefix}/etc'
target_alias=''

## ----------- ##
## confdefs.h. ##
## ----------- ##

/* confdefs.h */
#define PACKAGE_NAME "game"
#define PACKAGE_TARNAME "game"
#define PACKAGE_VERSION "1.0"
#define PACKAGE_STRING "game 1.0"
#define PACKAGE_BUGREPORT "aiden.woodruff@gmail.com"
#define PACKAGE_URL ""
#define HAVE_LIBNCURSES 1
#define HAVE_LIBXML2 1
#define STDC_HEADERS 1
#define HAVE_SYS_TYPES_H 1
#define HAVE_SYS_STAT_H 1
#define HAVE_STDLIB_H 1
#define HAVE_STRING_H 1
#define HAVE_MEMORY_H 1
#define HAVE_STRINGS_H 1
#define HAVE_INTTYPES_H 1
#define HAVE_STDINT_H 1
#define HAVE_UNISTD_H 1
#define HAVE_STDLIB_H 1
#define HAVE_STRING_H 1
#define HAVE_UNISTD_H 1
#define HAVE_STDLIB_H 1
#define HAVE_MALLOC 1
#define HAVE_STDLIB_H 1
#define HAVE_REALLOC 1
#define HAVE_MEMSET 1
#define PACKAGE "game"
#define VERSION "1.0"

configure: exit 0
